<?xml version="1.0" encoding="UTF-8"?>
<testsuite xmlns:xsi="http://www.w3.org/2001/XMLSchema-instance" xsi:noNamespaceSchemaLocation="https://maven.apache.org/surefire/maven-surefire-plugin/xsd/surefire-test-report-3.0.xsd" version="3.0" name="cucumber.Options.TestRunner" time="11.313" tests="3" errors="0" skipped="0" failures="0">
  <properties>
[...]
</properties>
  <testcase name="Verify if Place is being Succesfully added using AddPlaceAPI #1" classname="Validating Place API&apos;s" time="5.318">
    <system-out><![CDATA[
@AddPlace @Regression
Scenario Outline: Verify if Place is being Succesfully added using AddPlaceAPI # src/test/java/features/placeValidations.feature:13
  Given Add Place Payload with "AAhouse"  "English" "World cross center"       # stepDefinations.StepDefination.add_Place_Payload_with(java.lang.String,java.lang.String,java.lang.String)
/maps/api/place/add/json
  When user calls "AddPlaceAPI" with "POST" http request                       # stepDefinations.StepDefination.user_calls_with_http_request(java.lang.String,java.lang.String)
  Then the API call got success with status code 200                           # stepDefinations.StepDefination.the_API_call_got_success_with_status_code(java.lang.Integer)
  And "status" in response body is "OK"                                        # stepDefinations.StepDefination.in_response_body_is(java.lang.String,java.lang.String)
  And "scope" in response body is "APP"                                        # stepDefinations.StepDefination.in_response_body_is(java.lang.String,java.lang.String)
/maps/api/place/get/json
  And verify place_Id created maps to "AAhouse" using "getPlaceAPI"            # stepDefinations.StepDefination.verify_place_Id_created_maps_to_using(java.lang.String,java.lang.String)
]]></system-out>
  </testcase>
  <testcase name="Verify if Place is being Succesfully added using AddPlaceAPI #2" classname="Validating Place API&apos;s" time="2.003">
    <system-out><![CDATA[
@AddPlace @Regression
Scenario Outline: Verify if Place is being Succesfully added using AddPlaceAPI # src/test/java/features/placeValidations.feature:14
  Given Add Place Payload with "BBhouse"  "Spanish" "Sea cross center"         # stepDefinations.StepDefination.add_Place_Payload_with(java.lang.String,java.lang.String,java.lang.String)
/maps/api/place/add/json
  When user calls "AddPlaceAPI" with "POST" http request                       # stepDefinations.StepDefination.user_calls_with_http_request(java.lang.String,java.lang.String)
  Then the API call got success with status code 200                           # stepDefinations.StepDefination.the_API_call_got_success_with_status_code(java.lang.Integer)
  And "status" in response body is "OK"                                        # stepDefinations.StepDefination.in_response_body_is(java.lang.String,java.lang.String)
  And "scope" in response body is "APP"                                        # stepDefinations.StepDefination.in_response_body_is(java.lang.String,java.lang.String)
/maps/api/place/get/json
  And verify place_Id created maps to "BBhouse" using "getPlaceAPI"            # stepDefinations.StepDefination.verify_place_Id_created_maps_to_using(java.lang.String,java.lang.String)
]]></system-out>
  </testcase>
  <testcase name="Verify if Delete Place functionality is working" classname="Validating Place API&apos;s" time="2.26">
    <system-out><![CDATA[
@DeletePlace @Regression
Scenario: Verify if Delete Place functionality is working   # src/test/java/features/placeValidations.feature:17
  Given DeletePlace Payload                                 # stepDefinations.StepDefination.deleteplace_Payload()
/maps/api/place/delete/json
  When user calls "deletePlaceAPI" with "POST" http request # stepDefinations.StepDefination.user_calls_with_http_request(java.lang.String,java.lang.String)
  Then the API call got success with status code 200        # stepDefinations.StepDefination.the_API_call_got_success_with_status_code(java.lang.Integer)
  And "status" in response body is "OK"                     # stepDefinations.StepDefination.in_response_body_is(java.lang.String,java.lang.String)
]]></system-out>
  </testcase>
</testsuite>